TN:
SF:src/App.tsx
FN:19,App
FN:29,PopUp
FN:33,(anonymous_2)
FN:34,(anonymous_3)
FN:35,(anonymous_4)
FN:38,(anonymous_5)
FN:39,(anonymous_6)
FN:43,(anonymous_7)
FN:46,(anonymous_8)
FN:51,(anonymous_9)
FN:55,(anonymous_10)
FN:58,(anonymous_11)
FN:84,Calculator
FN:90,(anonymous_13)
FN:119,(anonymous_14)
FN:123,(anonymous_15)
FN:129,(anonymous_16)
FN:134,(anonymous_17)
FN:140,(anonymous_18)
FN:172,(anonymous_19)
FN:181,(anonymous_20)
FN:192,(anonymous_21)
FN:193,(anonymous_22)
FN:196,(anonymous_23)
FN:198,(anonymous_24)
FN:199,(anonymous_25)
FN:200,(anonymous_26)
FN:201,(anonymous_27)
FN:202,(anonymous_28)
FN:203,(anonymous_29)
FN:204,(anonymous_30)
FN:205,(anonymous_31)
FN:206,(anonymous_32)
FN:207,(anonymous_33)
FN:208,(anonymous_34)
FN:209,(anonymous_35)
FN:210,(anonymous_36)
FN:211,(anonymous_37)
FN:212,(anonymous_38)
FN:213,(anonymous_39)
FN:216,(anonymous_40)
FN:217,(anonymous_41)
FN:263,(anonymous_42)
FN:278,(anonymous_43)
FN:290,(anonymous_44)
FN:295,Button
FNF:46
FNH:39
FNDA:12,App
FNDA:1,PopUp
FNDA:1,(anonymous_2)
FNDA:0,(anonymous_3)
FNDA:1,(anonymous_4)
FNDA:1,(anonymous_5)
FNDA:0,(anonymous_6)
FNDA:1,(anonymous_7)
FNDA:1,(anonymous_8)
FNDA:0,(anonymous_9)
FNDA:0,(anonymous_10)
FNDA:0,(anonymous_11)
FNDA:65,Calculator
FNDA:10,(anonymous_13)
FNDA:27,(anonymous_14)
FNDA:2,(anonymous_15)
FNDA:2,(anonymous_16)
FNDA:3,(anonymous_17)
FNDA:17,(anonymous_18)
FNDA:3,(anonymous_19)
FNDA:1,(anonymous_20)
FNDA:2,(anonymous_21)
FNDA:1,(anonymous_22)
FNDA:2,(anonymous_23)
FNDA:2,(anonymous_24)
FNDA:2,(anonymous_25)
FNDA:2,(anonymous_26)
FNDA:4,(anonymous_27)
FNDA:4,(anonymous_28)
FNDA:1,(anonymous_29)
FNDA:2,(anonymous_30)
FNDA:3,(anonymous_31)
FNDA:1,(anonymous_32)
FNDA:2,(anonymous_33)
FNDA:4,(anonymous_34)
FNDA:5,(anonymous_35)
FNDA:1,(anonymous_36)
FNDA:8,(anonymous_37)
FNDA:1,(anonymous_38)
FNDA:2,(anonymous_39)
FNDA:63,(anonymous_40)
FNDA:0,(anonymous_41)
FNDA:63,(anonymous_42)
FNDA:1430,(anonymous_43)
FNDA:0,(anonymous_44)
FNDA:1408,Button
DA:4,1
DA:20,12
DA:30,1
DA:31,1
DA:33,1
DA:34,1
DA:35,1
DA:38,1
DA:39,1
DA:40,0
DA:43,1
DA:46,1
DA:47,1
DA:48,1
DA:51,0
DA:52,0
DA:55,0
DA:58,1
DA:59,0
DA:62,1
DA:85,65
DA:86,65
DA:87,65
DA:88,65
DA:90,65
DA:91,10
DA:92,10
DA:103,10
DA:105,10
DA:106,1
DA:107,1
DA:108,1
DA:111,9
DA:113,0
DA:114,0
DA:115,0
DA:119,65
DA:120,27
DA:123,65
DA:124,2
DA:125,1
DA:129,65
DA:130,2
DA:131,2
DA:134,65
DA:135,3
DA:136,3
DA:137,3
DA:140,65
DA:143,17
DA:144,1
DA:147,16
DA:148,9
DA:149,9
DA:150,9
DA:151,9
DA:154,7
DA:155,7
DA:156,7
DA:157,1
DA:160,6
DA:161,6
DA:162,6
DA:163,6
DA:164,6
DA:167,0
DA:168,0
DA:169,0
DA:172,65
DA:173,3
DA:174,3
DA:175,0
DA:178,3
DA:181,65
DA:182,1
DA:183,1
DA:184,0
DA:186,1
DA:191,65
DA:192,2
DA:193,1
DA:196,2
DA:198,2
DA:199,2
DA:200,2
DA:201,4
DA:202,4
DA:203,1
DA:204,2
DA:205,3
DA:206,1
DA:207,2
DA:208,4
DA:209,5
DA:210,1
DA:211,8
DA:212,1
DA:213,2
DA:216,65
DA:217,63
DA:218,0
DA:220,0
DA:221,0
DA:222,0
DA:223,0
DA:226,0
DA:227,0
DA:228,0
DA:229,0
DA:232,0
DA:233,0
DA:234,0
DA:235,0
DA:238,0
DA:239,0
DA:240,0
DA:241,0
DA:244,0
DA:245,0
DA:246,0
DA:247,0
DA:250,0
DA:251,0
DA:252,0
DA:253,0
DA:256,0
DA:257,0
DA:258,0
DA:262,63
DA:263,63
DA:266,65
DA:279,1430
DA:290,0
DA:307,1408
LF:134
LH:92
BRDA:4,0,0,1
BRDA:4,0,1,1
BRDA:29,1,0,1
BRDA:47,2,0,1
BRDA:47,2,1,0
BRDA:65,3,0,0
BRDA:65,3,1,1
BRDA:65,4,0,1
BRDA:65,4,1,0
BRDA:105,5,0,1
BRDA:105,5,1,9
BRDA:105,6,0,10
BRDA:105,6,1,9
BRDA:106,7,0,1
BRDA:106,7,1,0
BRDA:111,8,0,9
BRDA:111,8,1,0
BRDA:120,9,0,21
BRDA:120,9,1,6
BRDA:124,10,0,1
BRDA:124,10,1,1
BRDA:131,11,0,0
BRDA:131,11,1,2
BRDA:131,12,0,2
BRDA:131,12,1,2
BRDA:143,13,0,1
BRDA:143,13,1,16
BRDA:143,14,0,17
BRDA:143,14,1,10
BRDA:147,15,0,9
BRDA:147,15,1,7
BRDA:156,16,0,1
BRDA:156,16,1,6
BRDA:160,17,0,6
BRDA:160,17,1,0
BRDA:174,18,0,0
BRDA:174,18,1,3
BRDA:182,19,0,1
BRDA:182,19,1,0
BRDA:183,20,0,0
BRDA:183,20,1,1
BRDA:220,21,0,0
BRDA:220,21,1,0
BRDA:226,22,0,0
BRDA:226,22,1,0
BRDA:232,23,0,0
BRDA:232,23,1,0
BRDA:232,24,0,0
BRDA:232,24,1,0
BRDA:232,24,2,0
BRDA:232,24,3,0
BRDA:232,24,4,0
BRDA:238,25,0,0
BRDA:238,25,1,0
BRDA:238,26,0,0
BRDA:238,26,1,0
BRDA:244,27,0,0
BRDA:244,27,1,0
BRDA:250,28,0,0
BRDA:250,28,1,0
BRDA:256,29,0,0
BRDA:256,29,1,0
BRDA:271,30,0,65
BRDA:271,30,1,47
BRDA:290,31,0,65
BRDA:290,31,1,1
BRF:66
BRH:35
end_of_record
